<?xml version="1.0" encoding="UTF-8" ?>
<testsuite failures="0" time="14.38" errors="0" skipped="0" tests="6" name="org.apache.flume.clients.log4jappender.TestLoadBalancingLog4jAppender">
  <properties>
[...]
</properties>
  <testcase time="2.507" classname="org.apache.flume.clients.log4jappender.TestLoadBalancingLog4jAppender" name="testLog4jAppenderRoundRobin"/>
  <testcase time="2.153" classname="org.apache.flume.clients.log4jappender.TestLoadBalancingLog4jAppender" name="testLog4jAppenderRandom"/>
  <testcase time="3.1" classname="org.apache.flume.clients.log4jappender.TestLoadBalancingLog4jAppender" name="testRandomBackoff"/>
  <testcase time="3.161" classname="org.apache.flume.clients.log4jappender.TestLoadBalancingLog4jAppender" name="testRandomBackoffUnsafeMode"/>
  <testcase time="3.273" classname="org.apache.flume.clients.log4jappender.TestLoadBalancingLog4jAppender" name="testTimeout"/>
  <testcase time="0.186" classname="org.apache.flume.clients.log4jappender.TestLoadBalancingLog4jAppender" name="testRandomBackoffNotUnsafeMode"/>
</testsuite>